#
# There is insufficient memory for the Java Runtime Environment to continue.
# Native memory allocation (malloc) failed to allocate 1078256 bytes for Chunk::new
# Possible reasons:
#   The system is out of physical RAM or swap space
#   In 32 bit mode, the process size limit was hit
# Possible solutions:
#   Reduce memory load on the system
#   Increase physical memory or swap space
#   Check if swap backing store is full
#   Use 64 bit Java on a 64 bit OS
#   Decrease Java heap size (-Xmx/-Xms)
#   Decrease number of Java threads
#   Decrease Java thread stack sizes (-Xss)
#   Set larger code cache with -XX:ReservedCodeCacheSize=
# This output file may be truncated or incomplete.
#
#  Out of Memory Error (allocation.cpp:390), pid=14220, tid=11660
#
# JRE version: Java(TM) SE Runtime Environment (8.0_31-b13) (build 1.8.0_31-b13)
# Java VM: Java HotSpot(TM) 64-Bit Server VM (25.31-b07 mixed mode windows-amd64 compressed oops)
# Failed to write core dump. Minidumps are not enabled by default on client versions of Windows
#

---------------  T H R E A D  ---------------

Current thread (0x000000001c1e0000):  JavaThread "C2 CompilerThread1" daemon [_thread_in_native, id=11660, stack(0x000000001dc20000,0x000000001dd20000)]

Stack: [0x000000001dc20000,0x000000001dd20000]
Native frames: (J=compiled Java code, j=interpreted, Vv=VM code, C=native code)
V  [jvm.dll+0x3169ba]


Current CompileTask:
C2:   4621 3674       4       java.net.URLStreamHandler::parseURL (1158 bytes)


---------------  P R O C E S S  ---------------

Java Threads: ( => current thread )
  0x000000001e0eb800 JavaThread "localhost-startStop-1" daemon [_thread_in_vm, id=15140, stack(0x0000000023410000,0x0000000023510000)]
  0x000000001e0ec000 JavaThread "Tomcat-startStop-1" daemon [_thread_blocked, id=1448, stack(0x0000000023310000,0x0000000023410000)]
  0x000000001e0ea000 JavaThread "Statistics Thread-__DEFAULT__-1" daemon [_thread_blocked, id=16180, stack(0x0000000022bc0000,0x0000000022cc0000)]
  0x000000001e0e9000 JavaThread "__DEFAULT__" daemon [_thread_blocked, id=14592, stack(0x00000000218c0000,0x00000000219c0000)]
  0x000000001e0ed000 JavaThread "Monitor Ctrl-Break" daemon [_thread_in_native, id=13324, stack(0x000000001e820000,0x000000001e920000)]
  0x000000001d58e800 JavaThread "Service Thread" daemon [_thread_blocked, id=13452, stack(0x000000001de20000,0x000000001df20000)]
  0x000000001c21c000 JavaThread "C1 CompilerThread2" daemon [_thread_blocked, id=19004, stack(0x000000001dd20000,0x000000001de20000)]
=>0x000000001c1e0000 JavaThread "C2 CompilerThread1" daemon [_thread_in_native, id=11660, stack(0x000000001dc20000,0x000000001dd20000)]
  0x000000001d563800 JavaThread "C2 CompilerThread0" daemon [_thread_in_native, id=8888, stack(0x000000001db20000,0x000000001dc20000)]
  0x000000001d562800 JavaThread "Attach Listener" daemon [_thread_blocked, id=18800, stack(0x000000001da20000,0x000000001db20000)]
  0x000000001c1d6000 JavaThread "Signal Dispatcher" daemon [_thread_blocked, id=19072, stack(0x000000001d920000,0x000000001da20000)]
  0x0000000002b9b800 JavaThread "Finalizer" daemon [_thread_blocked, id=19204, stack(0x000000001d420000,0x000000001d520000)]
  0x000000001c188800 JavaThread "Reference Handler" daemon [_thread_blocked, id=18712, stack(0x000000001d320000,0x000000001d420000)]
  0x0000000002aa5800 JavaThread "main" [_thread_blocked, id=4876, stack(0x00000000029a0000,0x0000000002aa0000)]

Other Threads:
  0x000000001c186800 VMThread [stack: 0x000000001d220000,0x000000001d320000] [id=5232]
  0x000000001d590000 WatcherThread [stack: 0x000000001df20000,0x000000001e020000] [id=18540]

VM state:not at safepoint (normal execution)

VM Mutex/Monitor currently owned by a thread: None

Heap:
 PSYoungGen      total 138752K, used 6425K [0x000000076b100000, 0x0000000779080000, 0x00000007c0000000)
  eden space 124928K, 5% used [0x000000076b100000,0x000000076b746728,0x0000000772b00000)
  from space 13824K, 0% used [0x0000000778300000,0x0000000778300000,0x0000000779080000)
  to   space 10752K, 0% used [0x0000000772b00000,0x0000000772b00000,0x0000000773580000)
 ParOldGen       total 83968K, used 19255K [0x00000006c1200000, 0x00000006c6400000, 0x000000076b100000)
  object space 83968K, 22% used [0x00000006c1200000,0x00000006c24cde68,0x00000006c6400000)
 Metaspace       used 35055K, capacity 35436K, committed 35712K, reserved 1081344K
  class space    used 4318K, capacity 4401K, committed 4480K, reserved 1048576K

Card table byte_map: [0x0000000011f60000,0x0000000012760000] byte_map_base: 0x000000000e957000

Marking Bits: (ParMarkBitMap*) 0x0000000059e2d4f0
 Begin Bits: [0x00000000130b0000, 0x0000000017068000)
 End Bits:   [0x0000000017068000, 0x000000001b020000)

Polling page: 0x0000000000cf0000

CodeCache: size=245760Kb used=13495Kb max_used=13696Kb free=232264Kb
 bounds [0x0000000002ba0000, 0x0000000003910000, 0x0000000011ba0000]
 total_blobs=4122 nmethods=3656 adapters=379
 compilation: enabled

Compilation events (10 events):
Event: 4.613 Thread 0x000000001c21c000 3716   !   3       com.sun.proxy.$Proxy72::equals (39 bytes)
Event: 4.613 Thread 0x000000001c21c000 nmethod 3716 0x0000000002e01890 code [0x0000000002e01a20, 0x0000000002e02098]
Event: 4.615 Thread 0x000000001c21c000 3717       3       java.util.BitSet::initWords (15 bytes)
Event: 4.615 Thread 0x000000001c21c000 nmethod 3717 0x0000000002d7afd0 code [0x0000000002d7b140, 0x0000000002d7b390]
Event: 4.615 Thread 0x000000001c21c000 3718       3       org.springframework.asm.Frame::init (163 bytes)
Event: 4.615 Thread 0x000000001c21c000 nmethod 3718 0x0000000002d7a510 code [0x0000000002d7a6c0, 0x0000000002d7abf8]
Event: 4.615 Thread 0x000000001c21c000 3719       3       java.util.DualPivotQuicksort::sort (1195 bytes)
Event: 4.617 Thread 0x000000001c21c000 nmethod 3719 0x0000000002f0a250 code [0x0000000002f0a600, 0x0000000002f0c6e8]
Event: 4.618 Thread 0x000000001c21c000 3720       3       org.springframework.cglib.core.EmitUtils::member_helper_size (48 bytes)
Event: 4.618 Thread 0x000000001c21c000 nmethod 3720 0x00000000038feb50 code [0x00000000038fed20, 0x00000000038ff4f8]

GC Heap History (10 events):
Event: 1.904 GC heap before
{Heap before GC invocations=4 (full 1):
 PSYoungGen      total 76288K, used 5630K [0x000000076b100000, 0x0000000774600000, 0x00000007c0000000)
  eden space 65536K, 0% used [0x000000076b100000,0x000000076b100000,0x000000076f100000)
  from space 10752K, 52% used [0x000000076f100000,0x000000076f67f978,0x000000076fb80000)
  to   space 10752K, 0% used [0x0000000773b80000,0x0000000773b80000,0x0000000774600000)
 ParOldGen       total 175104K, used 104K [0x00000006c1200000, 0x00000006cbd00000, 0x000000076b100000)
  object space 175104K, 0% used [0x00000006c1200000,0x00000006c121a010,0x00000006cbd00000)
 Metaspace       used 20844K, capacity 21044K, committed 21296K, reserved 1069056K
  class space    used 2540K, capacity 2589K, committed 2688K, reserved 1048576K
Event: 1.933 GC heap after
Heap after GC invocations=4 (full 1):
 PSYoungGen      total 76288K, used 0K [0x000000076b100000, 0x0000000774600000, 0x00000007c0000000)
  eden space 65536K, 0% used [0x000000076b100000,0x000000076b100000,0x000000076f100000)
  from space 10752K, 0% used [0x000000076f100000,0x000000076f100000,0x000000076fb80000)
  to   space 10752K, 0% used [0x0000000773b80000,0x0000000773b80000,0x0000000774600000)
 ParOldGen       total 83968K, used 5586K [0x00000006c1200000, 0x00000006c6400000, 0x000000076b100000)
  object space 83968K, 6% used [0x00000006c1200000,0x00000006c1774880,0x00000006c6400000)
 Metaspace       used 20844K, capacity 21044K, committed 21296K, reserved 1069056K
  class space    used 2540K, capacity 2589K, committed 2688K, reserved 1048576K
}
Event: 2.453 GC heap before
{Heap before GC invocations=5 (full 1):
 PSYoungGen      total 76288K, used 65536K [0x000000076b100000, 0x0000000774600000, 0x00000007c0000000)
  eden space 65536K, 100% used [0x000000076b100000,0x000000076f100000,0x000000076f100000)
  from space 10752K, 0% used [0x000000076f100000,0x000000076f100000,0x000000076fb80000)
  to   space 10752K, 0% used [0x0000000773b80000,0x0000000773b80000,0x0000000774600000)
 ParOldGen       total 83968K, used 5586K [0x00000006c1200000, 0x00000006c6400000, 0x000000076b100000)
  object space 83968K, 6% used [0x00000006c1200000,0x00000006c1774880,0x00000006c6400000)
 Metaspace       used 23319K, capacity 23620K, committed 23936K, reserved 1071104K
  class space    used 2830K, capacity 2875K, committed 2944K, reserved 1048576K
Event: 2.458 GC heap after
Heap after GC invocations=5 (full 1):
 PSYoungGen      total 120832K, used 4440K [0x000000076b100000, 0x0000000774000000, 0x00000007c0000000)
  eden space 116224K, 0% used [0x000000076b100000,0x000000076b100000,0x0000000772280000)
  from space 4608K, 96% used [0x0000000773b80000,0x0000000773fd6380,0x0000000774000000)
  to   space 10752K, 0% used [0x0000000772b00000,0x0000000772b00000,0x0000000773580000)
 ParOldGen       total 83968K, used 5594K [0x00000006c1200000, 0x00000006c6400000, 0x000000076b100000)
  object space 83968K, 6% used [0x00000006c1200000,0x00000006c1776880,0x00000006c6400000)
 Metaspace       used 23319K, capacity 23620K, committed 23936K, reserved 1071104K
  class space    used 2830K, capacity 2875K, committed 2944K, reserved 1048576K
}
Event: 3.580 GC heap before
{Heap before GC invocations=6 (full 1):
 PSYoungGen      total 120832K, used 120664K [0x000000076b100000, 0x0000000774000000, 0x00000007c0000000)
  eden space 116224K, 100% used [0x000000076b100000,0x0000000772280000,0x0000000772280000)
  from space 4608K, 96% used [0x0000000773b80000,0x0000000773fd6380,0x0000000774000000)
  to   space 10752K, 0% used [0x0000000772b00000,0x0000000772b00000,0x0000000773580000)
 ParOldGen       total 83968K, used 5594K [0x00000006c1200000, 0x00000006c6400000, 0x000000076b100000)
  object space 83968K, 6% used [0x00000006c1200000,0x00000006c1776880,0x00000006c6400000)
 Metaspace       used 31055K, capacity 31432K, committed 31872K, reserved 1077248K
  class space    used 3843K, capacity 3921K, committed 3968K, reserved 1048576K
Event: 3.589 GC heap after
Heap after GC invocations=6 (full 1):
 PSYoungGen      total 135680K, used 10750K [0x000000076b100000, 0x0000000779080000, 0x00000007c0000000)
  eden space 124928K, 0% used [0x000000076b100000,0x000000076b100000,0x0000000772b00000)
  from space 10752K, 99% used [0x0000000772b00000,0x000000077357fb90,0x0000000773580000)
  to   space 13824K, 0% used [0x0000000778300000,0x0000000778300000,0x0000000779080000)
 ParOldGen       total 83968K, used 6823K [0x00000006c1200000, 0x00000006c6400000, 0x000000076b100000)
  object space 83968K, 8% used [0x00000006c1200000,0x00000006c18a9f30,0x00000006c6400000)
 Metaspace       used 31055K, capacity 31432K, committed 31872K, reserved 1077248K
  class space    used 3843K, capacity 3921K, committed 3968K, reserved 1048576K
}
Event: 4.468 GC heap before
{Heap before GC invocations=7 (full 1):
 PSYoungGen      total 135680K, used 87077K [0x000000076b100000, 0x0000000779080000, 0x00000007c0000000)
  eden space 124928K, 61% used [0x000000076b100000,0x000000076fb89b90,0x0000000772b00000)
  from space 10752K, 99% used [0x0000000772b00000,0x000000077357fb90,0x0000000773580000)
  to   space 13824K, 0% used [0x0000000778300000,0x0000000778300000,0x0000000779080000)
 ParOldGen       total 83968K, used 6823K [0x00000006c1200000, 0x00000006c6400000, 0x000000076b100000)
  object space 83968K, 8% used [0x00000006c1200000,0x00000006c18a9f30,0x00000006c6400000)
 Metaspace       used 34809K, capacity 35144K, committed 35456K, reserved 1081344K
  class space    used 4289K, capacity 4369K, committed 4480K, reserved 1048576K
Event: 4.480 GC heap after
Heap after GC invocations=7 (full 1):
 PSYoungGen      total 138752K, used 13803K [0x000000076b100000, 0x0000000779080000, 0x00000007c0000000)
  eden space 124928K, 0% used [0x000000076b100000,0x000000076b100000,0x0000000772b00000)
  from space 13824K, 99% used [0x0000000778300000,0x000000077907ad60,0x0000000779080000)
  to   space 10752K, 0% used [0x0000000772b00000,0x0000000772b00000,0x0000000773580000)
 ParOldGen       total 83968K, used 7440K [0x00000006c1200000, 0x00000006c6400000, 0x000000076b100000)
  object space 83968K, 8% used [0x00000006c1200000,0x00000006c1944098,0x00000006c6400000)
 Metaspace       used 34809K, capacity 35144K, committed 35456K, reserved 1081344K
  class space    used 4289K, capacity 4369K, committed 4480K, reserved 1048576K
}
Event: 4.480 GC heap before
{Heap before GC invocations=8 (full 2):
 PSYoungGen      total 138752K, used 13803K [0x000000076b100000, 0x0000000779080000, 0x00000007c0000000)
  eden space 124928K, 0% used [0x000000076b100000,0x000000076b100000,0x0000000772b00000)
  from space 13824K, 99% used [0x0000000778300000,0x000000077907ad60,0x0000000779080000)
  to   space 10752K, 0% used [0x0000000772b00000,0x0000000772b00000,0x0000000773580000)
 ParOldGen       total 83968K, used 7440K [0x00000006c1200000, 0x00000006c6400000, 0x000000076b100000)
  object space 83968K, 8% used [0x00000006c1200000,0x00000006c1944098,0x00000006c6400000)
 Metaspace       used 34809K, capacity 35144K, committed 35456K, reserved 1081344K
  class space    used 4289K, capacity 4369K, committed 4480K, reserved 1048576K
Event: 4.548 GC heap after
Heap after GC invocations=8 (full 2):
 PSYoungGen      total 138752K, used 0K [0x000000076b100000, 0x0000000779080000, 0x00000007c0000000)
  eden space 124928K, 0% used [0x000000076b100000,0x000000076b100000,0x0000000772b00000)
  from space 13824K, 0% used [0x0000000778300000,0x0000000778300000,0x0000000779080000)
  to   space 10752K, 0% used [0x0000000772b00000,0x0000000772b00000,0x0000000773580000)
 ParOldGen       total 83968K, used 19255K [0x00000006c1200000, 0x00000006c6400000, 0x000000076b100000)
  object space 83968K, 22% used [0x00000006c1200000,0x00000006c24cde68,0x00000006c6400000)
 Metaspace       used 34808K, capacity 35142K, committed 35456K, reserved 1081344K
  class space    used 4288K, capacity 4368K, committed 4480K, reserved 1048576K
}

Deoptimization events (10 events):
Event: 3.422 Thread 0x0000000002aa5800 Uncommon trap: reason=class_check action=maybe_recompile pc=0x00000000036431d8 method=java.util.AbstractList$Itr.hasNext()Z @ 8
Event: 3.732 Thread 0x0000000002aa5800 Uncommon trap: reason=unreached action=reinterpret pc=0x0000000003471164 method=java.util.WeakHashMap.remove(Ljava/lang/Object;)Ljava/lang/Object; @ 94
Event: 3.874 Thread 0x0000000002aa5800 Uncommon trap: reason=null_check action=make_not_entrant pc=0x0000000003860d24 method=org.springframework.core.annotation.AnnotatedElementUtils.searchWithGetSemanticsInAnnotations(Ljava/lang/reflect/AnnotatedElement;Ljava/util/List;Ljava/lang/Class;Ljava/lh¢‡9î@
Event: 3.890 Thread 0x0000000002aa5800 Uncommon trap: reason=class_check action=maybe_recompile pc=0x00000000036431d8 method=java.util.AbstractList$Itr.hasNext()Z @ 8
Event: 3.937 Thread 0x0000000002aa5800 Uncommon trap: reason=null_check action=make_not_entrant pc=0x00000000031b92e8 method=org.apache.tomcat.util.IntrospectionUtils.findMethods(Ljava/lang/Class;)[Ljava/lang/reflect/Method; @ 7
Event: 4.138 Thread 0x000000001e0eb800 Uncommon trap: reason=unreached action=reinterpret pc=0x0000000003328548 method=sun.util.calendar.ZoneInfo.getOffsets(J[II)I @ 4
Event: 4.148 Thread 0x000000001e0eb800 Uncommon trap: reason=class_check action=maybe_recompile pc=0x00000000031e36c0 method=java.util.zip.InflaterInputStream.read([BII)I @ 100
Event: 4.148 Thread 0x000000001e0eb800 Uncommon trap: reason=class_check action=maybe_recompile pc=0x00000000031e36c0 method=java.util.zip.InflaterInputStream.read([BII)I @ 100
Event: 4.148 Thread 0x000000001e0eb800 Uncommon trap: reason=class_check action=maybe_recompile pc=0x00000000031e36c0 method=java.util.zip.InflaterInputStream.read([BII)I @ 100
Event: 4.148 Thread 0x000000001e0eb800 Uncommon trap: reason=class_check action=maybe_recompile pc=0x00000000031e36c0 method=java.util.zip.InflaterInputStream.read([BII)I @ 100

Internal exceptions (10 events):
Event: 4.610 Thread 0x000000001e0eb800 Exception <a 'java/security/PrivilegedActionException'> (0x000000076b5dcd80) thrown at [C:\workspace\8-2-build-windows-amd64-cygwin\jdk8u31\2394\hotspot\src\share\vm\prims\jvm.cpp, line 1312]
Event: 4.610 Thread 0x000000001e0eb800 Exception <a 'java/security/PrivilegedActionException'> (0x000000076b5ecc98) thrown at [C:\workspace\8-2-build-windows-amd64-cygwin\jdk8u31\2394\hotspot\src\share\vm\prims\jvm.cpp, line 1312]
Event: 4.610 Thread 0x000000001e0eb800 Exception <a 'java/security/PrivilegedActionException'> (0x000000076b5ee338) thrown at [C:\workspace\8-2-build-windows-amd64-cygwin\jdk8u31\2394\hotspot\src\share\vm\prims\jvm.cpp, line 1312]
Event: 4.610 Thread 0x000000001e0eb800 Exception <a 'java/security/PrivilegedActionException'> (0x000000076b5fe250) thrown at [C:\workspace\8-2-build-windows-amd64-cygwin\jdk8u31\2394\hotspot\src\share\vm\prims\jvm.cpp, line 1312]
Event: 4.611 Thread 0x000000001e0eb800 Exception <a 'java/lang/ClassNotFoundException': org/springframework/boot/autoconfigure/web/MultipartAutoConfiguration$$EnhancerBySpringCGLIB$$dcbec781Customizer> (0x000000076b600ca0) thrown at [C:\workspace\8-2-build-windows-amd64-cygwin\jdk8u31\2394\hots<Ggœ·q@
Event: 4.611 Thread 0x000000001e0eb800 Exception <a 'java/security/PrivilegedActionException'> (0x000000076b60a3f0) thrown at [C:\workspace\8-2-build-windows-amd64-cygwin\jdk8u31\2394\hotspot\src\share\vm\prims\jvm.cpp, line 1312]
Event: 4.611 Thread 0x000000001e0eb800 Exception <a 'java/security/PrivilegedActionException'> (0x000000076b618520) thrown at [C:\workspace\8-2-build-windows-amd64-cygwin\jdk8u31\2394\hotspot\src\share\vm\prims\jvm.cpp, line 1312]
Event: 4.611 Thread 0x000000001e0eb800 Exception <a 'java/security/PrivilegedActionException'> (0x000000076b619a60) thrown at [C:\workspace\8-2-build-windows-amd64-cygwin\jdk8u31\2394\hotspot\src\share\vm\prims\jvm.cpp, line 1312]
Event: 4.611 Thread 0x000000001e0eb800 Exception <a 'java/security/PrivilegedActionException'> (0x000000076b627b90) thrown at [C:\workspace\8-2-build-windows-amd64-cygwin\jdk8u31\2394\hotspot\src\share\vm\prims\jvm.cpp, line 1312]
Event: 4.612 Thread 0x000000001e0eb800 Exception <a 'java/lang/ClassNotFoundException': org/springframework/context/annotation/ConfigurationClassEnhancer$EnhancedConfigurationCustomizer> (0x000000076b62a3d8) thrown at [C:\workspace\8-2-build-windows-amd64-cygwin\jdk8u31\2394\hotspot\src\share\v

Events (10 events):
Event: 4.610 loading class org/springframework/boot/autoconfigure/web/MultipartAutoConfiguration$$EnhancerBySpringCGLIB$$dcbec781Customizer
Event: 4.610 loading class org/springframework/boot/autoconfigure/web/MultipartAutoConfiguration$$EnhancerBySpringCGLIB$$dcbec781Customizer done
Event: 4.611 loading class org/springframework/boot/autoconfigure/web/MultipartAutoConfiguration$$EnhancerBySpringCGLIB$$dcbec781Customizer
Event: 4.611 loading class org/springframework/boot/autoconfigure/web/MultipartAutoConfiguration$$EnhancerBySpringCGLIB$$dcbec781Customizer done
Event: 4.611 loading class org/springframework/context/annotation/ConfigurationClassEnhancer$EnhancedConfigurationCustomizer
Event: 4.611 loading class org/springframework/context/annotation/ConfigurationClassEnhancer$EnhancedConfigurationCustomizer done
Event: 4.611 loading class org/springframework/context/annotation/ConfigurationClassEnhancer$EnhancedConfigurationCustomizer
Event: 4.611 loading class org/springframework/context/annotation/ConfigurationClassEnhancer$EnhancedConfigurationCustomizer done
Event: 4.612 loading class org/springframework/context/annotation/ConfigurationClassEnhancer$EnhancedConfigurationCustomizer
Event: 4.612 loading class org/springframework/context/annotation/ConfigurationClassEnhancer$EnhancedConfigurationCustomizer done


Dynamic libraries:
0x00007ff6abb30000 - 0x00007ff6abb64000 	C:\Program Files\Java\jdk1.8.0_31\bin\java.exe
0x00007ff99cf90000 - 0x00007ff99d151000 	C:\WINDOWS\SYSTEM32\ntdll.dll
0x00007ff99c920000 - 0x00007ff99c9cd000 	C:\WINDOWS\system32\KERNEL32.DLL
0x00007ff999f70000 - 0x00007ff99a158000 	C:\WINDOWS\system32\KERNELBASE.dll
0x00007ff99ca70000 - 0x00007ff99cb17000 	C:\WINDOWS\system32\ADVAPI32.dll
0x00007ff99aa50000 - 0x00007ff99aaed000 	C:\WINDOWS\system32\msvcrt.dll
0x00007ff99c7b0000 - 0x00007ff99c80b000 	C:\WINDOWS\system32\sechost.dll
0x00007ff99a930000 - 0x00007ff99aa4d000 	C:\WINDOWS\system32\RPCRT4.dll
0x00007ff99ada0000 - 0x00007ff99aef6000 	C:\WINDOWS\system32\USER32.dll
0x00007ff99ab10000 - 0x00007ff99ac97000 	C:\WINDOWS\system32\GDI32.dll
0x00007ff984db0000 - 0x00007ff985024000 	C:\WINDOWS\WinSxS\amd64_microsoft.windows.common-controls_6595b64144ccf1df_6.0.10586.839_none_a2ddba30a539a2ae\COMCTL32.dll
0x00007ff99a6b0000 - 0x00007ff99a92e000 	C:\WINDOWS\system32\combase.dll
0x00007ff99a160000 - 0x00007ff99a1ca000 	C:\WINDOWS\system32\bcryptPrimitives.dll
0x00007ff99cb20000 - 0x00007ff99cb5b000 	C:\WINDOWS\system32\IMM32.DLL
0x00000000591d0000 - 0x00000000592a2000 	C:\Program Files\Java\jdk1.8.0_31\jre\bin\msvcr100.dll
0x0000000059650000 - 0x0000000059eaa000 	C:\Program Files\Java\jdk1.8.0_31\jre\bin\server\jvm.dll
0x00007ff999510000 - 0x00007ff999533000 	C:\WINDOWS\system32\WINMM.dll
0x00007ff9993b0000 - 0x00007ff9993dc000 	C:\WINDOWS\system32\WINMMBASE.dll
0x00007ff999770000 - 0x00007ff9997b3000 	C:\WINDOWS\system32\cfgmgr32.dll
0x00007ff98f3d0000 - 0x00007ff98f3d9000 	C:\WINDOWS\SYSTEM32\WSOCK32.dll
0x00007ff99ad80000 - 0x00007ff99ad88000 	C:\WINDOWS\system32\PSAPI.DLL
0x00007ff99ad10000 - 0x00007ff99ad7b000 	C:\WINDOWS\system32\WS2_32.dll
0x0000000059640000 - 0x000000005964f000 	C:\Program Files\Java\jdk1.8.0_31\jre\bin\verify.dll
0x0000000059610000 - 0x0000000059638000 	C:\Program Files\Java\jdk1.8.0_31\jre\bin\java.dll
0x00000000595f0000 - 0x0000000059606000 	C:\Program Files\Java\jdk1.8.0_31\jre\bin\zip.dll
0x00007ff99b010000 - 0x00007ff99c56c000 	C:\WINDOWS\system32\SHELL32.dll
0x00007ff999870000 - 0x00007ff999eb5000 	C:\WINDOWS\system32\windows.storage.dll
0x00007ff99afb0000 - 0x00007ff99b002000 	C:\WINDOWS\system32\shlwapi.dll
0x00007ff9993e0000 - 0x00007ff9993ef000 	C:\WINDOWS\system32\kernel.appcore.dll
0x00007ff9993f0000 - 0x00007ff9994a5000 	C:\WINDOWS\system32\shcore.dll
0x00007ff999540000 - 0x00007ff99958b000 	C:\WINDOWS\system32\powrprof.dll
0x00007ff999380000 - 0x00007ff999394000 	C:\WINDOWS\system32\profapi.dll
0x00007ff993eb0000 - 0x00007ff993ec0000 	C:\Program Files (x86)\JetBrains\IntelliJ IDEA 2016.3.4\bin\breakgen64.dll
0x00000000593e0000 - 0x00000000593fa000 	C:\Program Files\Java\jdk1.8.0_31\jre\bin\net.dll
0x00007ff998c20000 - 0x00007ff998c7c000 	C:\WINDOWS\system32\mswsock.dll
0x00000000593b0000 - 0x00000000593bd000 	C:\Program Files\Java\jdk1.8.0_31\jre\bin\management.dll
0x00007ff997290000 - 0x00007ff9972a8000 	C:\WINDOWS\system32\NLAapi.dll
0x00007ff98d2a0000 - 0x00007ff98d2b6000 	C:\WINDOWS\system32\napinsp.dll
0x00007ff98d220000 - 0x00007ff98d23a000 	C:\WINDOWS\system32\pnrpnsp.dll
0x00007ff997e30000 - 0x00007ff997eda000 	C:\WINDOWS\SYSTEM32\DNSAPI.dll
0x00007ff99c570000 - 0x00007ff99c578000 	C:\WINDOWS\system32\NSI.dll
0x00007ff98d1b0000 - 0x00007ff98d1bd000 	C:\WINDOWS\System32\winrnr.dll
0x000000005ae90000 - 0x000000005aeb6000 	C:\Program Files\Bonjour\mdnsNSP.dll
0x00007ff994390000 - 0x00007ff9943c8000 	C:\WINDOWS\SYSTEM32\Iphlpapi.DLL
0x00007ff9900f0000 - 0x00007ff9900fa000 	C:\Windows\System32\rasadhlp.dll
0x00007ff993c10000 - 0x00007ff993c77000 	C:\WINDOWS\System32\fwpuclnt.dll
0x00007ff9992b0000 - 0x00007ff9992d9000 	C:\WINDOWS\SYSTEM32\bcrypt.dll
0x00000000593c0000 - 0x00000000593d1000 	C:\Program Files\Java\jdk1.8.0_31\jre\bin\nio.dll
0x00007ff998cd0000 - 0x00007ff998ce7000 	C:\WINDOWS\SYSTEM32\CRYPTSP.dll
0x00007ff998960000 - 0x00007ff998994000 	C:\WINDOWS\system32\rsaenh.dll
0x00007ff998ab0000 - 0x00007ff998acf000 	C:\WINDOWS\SYSTEM32\USERENV.dll
0x00007ff998df0000 - 0x00007ff998dfb000 	C:\WINDOWS\SYSTEM32\CRYPTBASE.dll
0x00007ff994370000 - 0x00007ff994386000 	C:\WINDOWS\SYSTEM32\dhcpcsvc6.DLL
0x00007ff994350000 - 0x00007ff99436a000 	C:\WINDOWS\SYSTEM32\dhcpcsvc.DLL
0x00007ff9749b0000 - 0x00007ff974b3c000 	C:\WINDOWS\SYSTEM32\dbghelp.dll

VM Arguments:
jvm_args: -Dspring.output.ansi.enabled=always -Didea.launcher.port=7534 -Didea.launcher.bin.path=C:\Program Files (x86)\JetBrains\IntelliJ IDEA 2016.3.4\bin -Dfile.encoding=UTF-8 
java_command: com.intellij.rt.execution.application.AppMain com.iosre.pphb.PphbApplication
java_class_path (initial): C:\Program Files\Java\jdk1.8.0_31\jre\lib\charsets.jar;C:\Program Files\Java\jdk1.8.0_31\jre\lib\deploy.jar;C:\Program Files\Java\jdk1.8.0_31\jre\lib\ext\access-bridge-64.jar;C:\Program Files\Java\jdk1.8.0_31\jre\lib\ext\cldrdata.jar;C:\Program Files\Java\jdk1.8.0_31\jre\lib\ext\dnsns.jar;C:\Program Files\Java\jdk1.8.0_31\jre\lib\ext\jaccess.jar;C:\Program Files\Java\jdk1.8.0_31\jre\lib\ext\jfxrt.jar;C:\Program Files\Java\jdk1.8.0_31\jre\lib\ext\localedata.jar;C:\Program Files\Java\jdk1.8.0_31\jre\lib\ext\nashorn.jar;C:\Program Files\Java\jdk1.8.0_31\jre\lib\ext\sunec.jar;C:\Program Files\Java\jdk1.8.0_31\jre\lib\ext\sunjce_provider.jar;C:\Program Files\Java\jdk1.8.0_31\jre\lib\ext\sunmscapi.jar;C:\Program Files\Java\jdk1.8.0_31\jre\lib\ext\sunpkcs11.jar;C:\Program Files\Java\jdk1.8.0_31\jre\lib\ext\zipfs.jar;C:\Program Files\Java\jdk1.8.0_31\jre\lib\javaws.jar;C:\Program Files\Java\jdk1.8.0_31\jre\lib\jce.jar;C:\Program Files\Java\jdk1.8.0_31\jre\lib\jfr.jar;C:\Program Files\Java\jdk1.8.0_31\jre\lib\jfxswt.jar;C:\Program Files\Java\jdk1.8.0_31\jre\lib\jsse.jar;C:\Program Files\Java\jdk1.8.0_31\jre\lib\management-agent.jar;C:\Program Files\Java\jdk1.8.0_31\jre\lib\plugin.jar;C:\Program Files\Java\jdk1.8.0_31\jre\lib\resources.jar;C:\Program Files\Java\jdk1.8.0_31\jre\lib\rt.jar;C:\IDE\pphb\target\classes;C:\Users\Administrator\.m2\repository\org\springframework\boot\spring-boot-starter-web\1.5.9.RELEASE\spring-boot-starter-web-1.5.9.RELEASE.jar;C:\Users\Administrator\.m2\repository\org\springframework\boot\spring-boot-starter\1.5.9.RELEASE\spring-boot-starter-1.5.9.RELEASE.jar;C:\Users\Administrator\.m2\repository\org\springframework\boot\spring-boot\1.5.9.RELEASE\spring-boot-1.5.9.RELEASE.jar;C:\Users\Administrator\.m2\repository\org\springframework\boot\spring-boot-autoconfigure\1.5.9.RELEASE\spring-boot-autoconfigure-1.5.9.RELEASE.jar;C:\Users\Administrator\.m2\repository\org\springframework\boot\spring-boot-starter-tomcat\1.5.9.RELEA
Launcher Type: SUN_STANDARD

Environment Variables:
JAVA_HOME=C:\Program Files\Java\jdk1.8.0_31
CLASSPATH=;C:\Program Files\Java\jdk1.8.0_31\lib;
PATH=C:\ProgramData\Oracle\Java\javapath;C:\WINDOWS\system32;C:\WINDOWS;C:\WINDOWS\System32\Wbem;C:\WINDOWS\System32\WindowsPowerShell\v1.0\;C:\Program Files (x86)\Microsoft SQL Server\100\Tools\Binn\;C:\Program Files\Microsoft SQL Server\100\Tools\Binn\;C:\Program Files\Microsoft SQL Server\100\DTS\Binn\;C:\Program Files\Java\jdk1.8.0_31\bin;C:\apache-tomcat-6.0.44\bin;C:\apache-tomcat-6.0.44\lib;C:\Program Files (x86)\Microsoft SQL Server\100\Tools\Binn\VSShell\Common7\IDE\;C:\Program Files (x86)\Microsoft SQL Server\100\DTS\Binn\;C:\Program Files (x86)\Microsoft Visual Studio 9.0\Common7\IDE\PrivateAssemblies\;C:\Program Files\Microsoft\Web Platform Installer\;C:\Program Files (x86)\Microsoft ASP.NET\ASP.NET Web Pages\v1.0\;C:\Program Files (x86)\Windows Kits\8.0\Windows Performance Toolkit\;C:\Program Files\Microsoft SQL Server\110\Tools\Binn\;C:\Program Files (x86)\ATI Technologies\ATI.ACE\Core-Static;D:\apache-cxf-3.1.7\bin;C:\Program Files\TortoiseSVN\bin;C:\Program Files\IDM Computer Solutions\UltraCompare;C:\Program Files\Git\cmd;C:\Users\Administrator\AppData\Local\Programs\Python\Python36-32\Scripts\;C:\Users\Administrator\AppData\Local\Programs\Python\Python36-32\;C:\Users\Administrator\AppData\Local\Programs\Fiddler
USERNAME=liriming
OS=Windows_NT
PROCESSOR_IDENTIFIER=Intel64 Family 6 Model 60 Stepping 3, GenuineIntel



---------------  S Y S T E M  ---------------

OS: Windows 8.1 , 64 bit Build 9600 

CPU:total 4 (4 cores per cpu, 1 threads per core) family 6 model 60 stepping 3, cmov, cx8, fxsr, mmx, sse, sse2, sse3, ssse3, sse4.1, sse4.2, popcnt, avx, avx2, aes, clmul, erms, lzcnt, tsc, tscinvbit, bmi1, bmi2

Memory: 4k page, physical 16699552k(7462864k free), swap 16699552k(4616k free)

vm_info: Java HotSpot(TM) 64-Bit Server VM (25.31-b07) for windows-amd64 JRE (1.8.0_31-b13), built on Dec 17 2014 21:00:28 by "java_re" with MS VC++ 10.0 (VS2010)

time: Wed Feb 28 10:17:39 2018
elapsed time: 4 seconds (0d 0h 0m 4s)

