#
# There is insufficient memory for the Java Runtime Environment to continue.
# Native memory allocation (malloc) failed to allocate 498416 bytes for Chunk::new
# Possible reasons:
#   The system is out of physical RAM or swap space
#   In 32 bit mode, the process size limit was hit
# Possible solutions:
#   Reduce memory load on the system
#   Increase physical memory or swap space
#   Check if swap backing store is full
#   Use 64 bit Java on a 64 bit OS
#   Decrease Java heap size (-Xmx/-Xms)
#   Decrease number of Java threads
#   Decrease Java thread stack sizes (-Xss)
#   Set larger code cache with -XX:ReservedCodeCacheSize=
# This output file may be truncated or incomplete.
#
#  Out of Memory Error (allocation.cpp:390), pid=18136, tid=10780
#
# JRE version: Java(TM) SE Runtime Environment (8.0_31-b13) (build 1.8.0_31-b13)
# Java VM: Java HotSpot(TM) 64-Bit Server VM (25.31-b07 mixed mode windows-amd64 compressed oops)
# Failed to write core dump. Minidumps are not enabled by default on client versions of Windows
#

---------------  T H R E A D  ---------------

Current thread (0x000000001d113000):  JavaThread "C2 CompilerThread0" daemon [_thread_in_native, id=10780, stack(0x000000001d6d0000,0x000000001d7d0000)]

Stack: [0x000000001d6d0000,0x000000001d7d0000]
Native frames: (J=compiled Java code, j=interpreted, Vv=VM code, C=native code)
V  [jvm.dll+0x3169ba]
V  [jvm.dll+0x2674c3]
V  [jvm.dll+0x268103]
V  [jvm.dll+0x25f8f5]
V  [jvm.dll+0xbf025]
V  [jvm.dll+0xbf4cc]
V  [jvm.dll+0x479917]
V  [jvm.dll+0x446e60]
V  [jvm.dll+0x451bce]
V  [jvm.dll+0x4541b8]
V  [jvm.dll+0x437c62]
V  [jvm.dll+0x988e2]
V  [jvm.dll+0x990d3]
V  [jvm.dll+0x22c194]
V  [jvm.dll+0x28576a]
C  [msvcr100.dll+0x21d9f]
C  [msvcr100.dll+0x21e3b]
C  [KERNEL32.DLL+0x18102]
C  [ntdll.dll+0x5c5b4]


Current CompileTask:
C2:   5686 3240   !   4       sun.reflect.annotation.AnnotationParser::parseAnnotations (37 bytes)


---------------  P R O C E S S  ---------------

Java Threads: ( => current thread )
  0x0000000021526000 JavaThread "ehcache local transactions recovery" daemon [_thread_new, id=12444, stack(0x0000000000000000,0x0000000000000000)]
  0x000000001f79a800 JavaThread "Statistics Thread-__DEFAULT__-1" daemon [_thread_blocked, id=592, stack(0x00000000226e0000,0x00000000227e0000)]
  0x000000001edae000 JavaThread "__DEFAULT__" daemon [_thread_blocked, id=10552, stack(0x00000000223d0000,0x00000000224d0000)]
  0x000000001dc92800 JavaThread "Monitor Ctrl-Break" daemon [_thread_in_native, id=17960, stack(0x000000001e470000,0x000000001e570000)]
  0x000000001d147800 JavaThread "Service Thread" daemon [_thread_blocked, id=7668, stack(0x000000001d9d0000,0x000000001dad0000)]
  0x000000001bd9c000 JavaThread "C1 CompilerThread2" daemon [_thread_blocked, id=19292, stack(0x000000001d8d0000,0x000000001d9d0000)]
  0x000000001bd99800 JavaThread "C2 CompilerThread1" daemon [_thread_in_native, id=1148, stack(0x000000001d7d0000,0x000000001d8d0000)]
=>0x000000001d113000 JavaThread "C2 CompilerThread0" daemon [_thread_in_native, id=10780, stack(0x000000001d6d0000,0x000000001d7d0000)]
  0x000000001d112800 JavaThread "Attach Listener" daemon [_thread_blocked, id=6532, stack(0x000000001d5d0000,0x000000001d6d0000)]
  0x000000001bd3d800 JavaThread "Signal Dispatcher" daemon [_thread_blocked, id=16284, stack(0x000000001d4d0000,0x000000001d5d0000)]
  0x00000000026b4000 JavaThread "Finalizer" daemon [_thread_blocked, id=12960, stack(0x000000001cfc0000,0x000000001d0c0000)]
  0x00000000026b1000 JavaThread "Reference Handler" daemon [_thread_blocked, id=18776, stack(0x000000001cec0000,0x000000001cfc0000)]
  0x00000000025c5800 JavaThread "main" [_thread_in_vm, id=6580, stack(0x00000000024c0000,0x00000000025c0000)]

Other Threads:
  0x000000001bd06800 VMThread [stack: 0x000000001cdc0000,0x000000001cec0000] [id=13672]
  0x000000001d14a000 WatcherThread [stack: 0x000000001dad0000,0x000000001dbd0000] [id=7964]

VM state:not at safepoint (normal execution)

VM Mutex/Monitor currently owned by a thread: None

Heap:
 PSYoungGen      total 135680K, used 27985K [0x000000076b100000, 0x0000000778a80000, 0x00000007c0000000)
  eden space 124928K, 13% used [0x000000076b100000,0x000000076c1d5670,0x0000000772b00000)
  from space 10752K, 99% used [0x0000000772b00000,0x000000077357ee38,0x0000000773580000)
  to   space 13824K, 0% used [0x0000000777d00000,0x0000000777d00000,0x0000000778a80000)
 ParOldGen       total 85504K, used 6546K [0x00000006c1200000, 0x00000006c6580000, 0x000000076b100000)
  object space 85504K, 7% used [0x00000006c1200000,0x00000006c1864b70,0x00000006c6580000)
 Metaspace       used 31501K, capacity 31822K, committed 32256K, reserved 1077248K
  class space    used 3908K, capacity 3984K, committed 4096K, reserved 1048576K

Card table byte_map: [0x0000000011a90000,0x0000000012290000] byte_map_base: 0x000000000e487000

Marking Bits: (ParMarkBitMap*) 0x0000000059e2d4f0
 Begin Bits: [0x0000000012be0000, 0x0000000016b98000)
 End Bits:   [0x0000000016b98000, 0x000000001ab50000)

Polling page: 0x0000000000a80000

CodeCache: size=245760Kb used=12310Kb max_used=12310Kb free=233450Kb
 bounds [0x00000000026d0000, 0x00000000032e0000, 0x00000000116d0000]
 total_blobs=3846 nmethods=3382 adapters=377
 compilation: enabled

Compilation events (10 events):
Event: 5.658 Thread 0x000000001bd9c000 3379       3       org.aspectj.weaver.patterns.AnyAnnotationTypePattern::resolve (1 bytes)
Event: 5.658 Thread 0x000000001bd9c000 nmethod 3379 0x00000000032d5a90 code [0x00000000032d5be0, 0x00000000032d5d30]
Event: 5.658 Thread 0x000000001bd9c000 3380       3       org.aspectj.weaver.JoinPointSignatureIterator::hasNext (49 bytes)
Event: 5.658 Thread 0x000000001bd9c000 nmethod 3380 0x00000000032d5dd0 code [0x00000000032d5f60, 0x00000000032d63a8]
Event: 5.663 Thread 0x000000001bd9c000 3381       3       org.aspectj.weaver.reflect.ReflectionWorld::resolve (34 bytes)
Event: 5.663 Thread 0x000000001bd9c000 nmethod 3381 0x00000000032d64d0 code [0x00000000032d66c0, 0x00000000032d7058]
Event: 5.663 Thread 0x000000001bd9c000 3382       3       org.aspectj.weaver.ResolvedType$SuperInterfaceWalker::hasNext (105 bytes)
Event: 5.664 Thread 0x000000001bd9c000 nmethod 3382 0x00000000032d7410 code [0x00000000032d7620, 0x00000000032d8058]
Event: 5.664 Thread 0x000000001bd9c000 3383       3       org.aspectj.weaver.patterns.WildTypePattern::innerMatchesExactly (337 bytes)
Event: 5.665 Thread 0x000000001bd9c000 nmethod 3383 0x00000000032d8350 code [0x00000000032d8740, 0x00000000032daff8]

GC Heap History (10 events):
Event: 2.251 GC heap before
{Heap before GC invocations=2 (full 0):
 PSYoungGen      total 76288K, used 74856K [0x000000076b100000, 0x0000000770600000, 0x00000007c0000000)
  eden space 65536K, 100% used [0x000000076b100000,0x000000076f100000,0x000000076f100000)
  from space 10752K, 86% used [0x000000076f100000,0x000000076fa1a380,0x000000076fb80000)
  to   space 10752K, 0% used [0x000000076fb80000,0x000000076fb80000,0x0000000770600000)
 ParOldGen       total 175104K, used 16K [0x00000006c1200000, 0x00000006cbd00000, 0x000000076b100000)
  object space 175104K, 0% used [0x00000006c1200000,0x00000006c1204000,0x00000006cbd00000)
 Metaspace       used 19934K, capacity 20156K, committed 20480K, reserved 1067008K
  class space    used 2467K, capacity 2525K, committed 2560K, reserved 1048576K
Event: 2.260 GC heap after
Heap after GC invocations=2 (full 0):
 PSYoungGen      total 76288K, used 9553K [0x000000076b100000, 0x0000000770600000, 0x00000007c0000000)
  eden space 65536K, 0% used [0x000000076b100000,0x000000076b100000,0x000000076f100000)
  from space 10752K, 88% used [0x000000076fb80000,0x00000007704d4590,0x0000000770600000)
  to   space 10752K, 0% used [0x000000076f100000,0x000000076f100000,0x000000076fb80000)
 ParOldGen       total 175104K, used 96K [0x00000006c1200000, 0x00000006cbd00000, 0x000000076b100000)
  object space 175104K, 0% used [0x00000006c1200000,0x00000006c1218010,0x00000006cbd00000)
 Metaspace       used 19934K, capacity 20156K, committed 20480K, reserved 1067008K
  class space    used 2467K, capacity 2525K, committed 2560K, reserved 1048576K
}
Event: 2.329 GC heap before
{Heap before GC invocations=3 (full 0):
 PSYoungGen      total 76288K, used 15694K [0x000000076b100000, 0x0000000770600000, 0x00000007c0000000)
  eden space 65536K, 9% used [0x000000076b100000,0x000000076b6ff428,0x000000076f100000)
  from space 10752K, 88% used [0x000000076fb80000,0x00000007704d4590,0x0000000770600000)
  to   space 10752K, 0% used [0x000000076f100000,0x000000076f100000,0x000000076fb80000)
 ParOldGen       total 175104K, used 96K [0x00000006c1200000, 0x00000006cbd00000, 0x000000076b100000)
  object space 175104K, 0% used [0x00000006c1200000,0x00000006c1218010,0x00000006cbd00000)
 Metaspace       used 20882K, capacity 21104K, committed 21296K, reserved 1069056K
  class space    used 2562K, capacity 2615K, committed 2688K, reserved 1048576K
Event: 2.343 GC heap after
Heap after GC invocations=3 (full 0):
 PSYoungGen      total 76288K, used 5618K [0x000000076b100000, 0x0000000774600000, 0x00000007c0000000)
  eden space 65536K, 0% used [0x000000076b100000,0x000000076b100000,0x000000076f100000)
  from space 10752K, 52% used [0x000000076f100000,0x000000076f67c9d8,0x000000076fb80000)
  to   space 10752K, 0% used [0x0000000773b80000,0x0000000773b80000,0x0000000774600000)
 ParOldGen       total 175104K, used 104K [0x00000006c1200000, 0x00000006cbd00000, 0x000000076b100000)
  object space 175104K, 0% used [0x00000006c1200000,0x00000006c121a010,0x00000006cbd00000)
 Metaspace       used 20882K, capacity 21104K, committed 21296K, reserved 1069056K
  class space    used 2562K, capacity 2615K, committed 2688K, reserved 1048576K
}
Event: 2.343 GC heap before
{Heap before GC invocations=4 (full 1):
 PSYoungGen      total 76288K, used 5618K [0x000000076b100000, 0x0000000774600000, 0x00000007c0000000)
  eden space 65536K, 0% used [0x000000076b100000,0x000000076b100000,0x000000076f100000)
  from space 10752K, 52% used [0x000000076f100000,0x000000076f67c9d8,0x000000076fb80000)
  to   space 10752K, 0% used [0x0000000773b80000,0x0000000773b80000,0x0000000774600000)
 ParOldGen       total 175104K, used 104K [0x00000006c1200000, 0x00000006cbd00000, 0x000000076b100000)
  object space 175104K, 0% used [0x00000006c1200000,0x00000006c121a010,0x00000006cbd00000)
 Metaspace       used 20882K, capacity 21104K, committed 21296K, reserved 1069056K
  class space    used 2562K, capacity 2615K, committed 2688K, reserved 1048576K
Event: 2.376 GC heap after
Heap after GC invocations=4 (full 1):
 PSYoungGen      total 76288K, used 0K [0x000000076b100000, 0x0000000774600000, 0x00000007c0000000)
  eden space 65536K, 0% used [0x000000076b100000,0x000000076b100000,0x000000076f100000)
  from space 10752K, 0% used [0x000000076f100000,0x000000076f100000,0x000000076fb80000)
  to   space 10752K, 0% used [0x0000000773b80000,0x0000000773b80000,0x0000000774600000)
 ParOldGen       total 85504K, used 5630K [0x00000006c1200000, 0x00000006c6580000, 0x000000076b100000)
  object space 85504K, 6% used [0x00000006c1200000,0x00000006c177f978,0x00000006c6580000)
 Metaspace       used 20881K, capacity 21102K, committed 21296K, reserved 1069056K
  class space    used 2562K, capacity 2614K, committed 2688K, reserved 1048576K
}
Event: 3.128 GC heap before
{Heap before GC invocations=5 (full 1):
 PSYoungGen      total 76288K, used 65536K [0x000000076b100000, 0x0000000774600000, 0x00000007c0000000)
  eden space 65536K, 100% used [0x000000076b100000,0x000000076f100000,0x000000076f100000)
  from space 10752K, 0% used [0x000000076f100000,0x000000076f100000,0x000000076fb80000)
  to   space 10752K, 0% used [0x0000000773b80000,0x0000000773b80000,0x0000000774600000)
 ParOldGen       total 85504K, used 5630K [0x00000006c1200000, 0x00000006c6580000, 0x000000076b100000)
  object space 85504K, 6% used [0x00000006c1200000,0x00000006c177f978,0x00000006c6580000)
 Metaspace       used 23243K, capacity 23498K, committed 23680K, reserved 1071104K
  class space    used 2830K, capacity 2874K, committed 2944K, reserved 1048576K
Event: 3.134 GC heap after
Heap after GC invocations=5 (full 1):
 PSYoungGen      total 119296K, used 4383K [0x000000076b100000, 0x0000000774000000, 0x00000007c0000000)
  eden space 114688K, 0% used [0x000000076b100000,0x000000076b100000,0x0000000772100000)
  from space 4608K, 95% used [0x0000000773b80000,0x0000000773fc7c88,0x0000000774000000)
  to   space 10752K, 0% used [0x0000000772b00000,0x0000000772b00000,0x0000000773580000)
 ParOldGen       total 85504K, used 5638K [0x00000006c1200000, 0x00000006c6580000, 0x000000076b100000)
  object space 85504K, 6% used [0x00000006c1200000,0x00000006c1781978,0x00000006c6580000)
 Metaspace       used 23243K, capacity 23498K, committed 23680K, reserved 1071104K
  class space    used 2830K, capacity 2874K, committed 2944K, reserved 1048576K
}
Event: 5.407 GC heap before
{Heap before GC invocations=6 (full 1):
 PSYoungGen      total 119296K, used 119071K [0x000000076b100000, 0x0000000774000000, 0x00000007c0000000)
  eden space 114688K, 100% used [0x000000076b100000,0x0000000772100000,0x0000000772100000)
  from space 4608K, 95% used [0x0000000773b80000,0x0000000773fc7c88,0x0000000774000000)
  to   space 10752K, 0% used [0x0000000772b00000,0x0000000772b00000,0x0000000773580000)
 ParOldGen       total 85504K, used 5638K [0x00000006c1200000, 0x00000006c6580000, 0x000000076b100000)
  object space 85504K, 6% used [0x00000006c1200000,0x00000006c1781978,0x00000006c6580000)
 Metaspace       used 30822K, capacity 31214K, committed 31616K, reserved 1077248K
  class space    used 3817K, capacity 3888K, committed 3968K, reserved 1048576K
Event: 5.422 GC heap after
Heap after GC invocations=6 (full 1):
 PSYoungGen      total 135680K, used 10747K [0x000000076b100000, 0x0000000778a80000, 0x00000007c0000000)
  eden space 124928K, 0% used [0x000000076b100000,0x000000076b100000,0x0000000772b00000)
  from space 10752K, 99% used [0x0000000772b00000,0x000000077357ee38,0x0000000773580000)
  to   space 13824K, 0% used [0x0000000777d00000,0x0000000777d00000,0x0000000778a80000)
 ParOldGen       total 85504K, used 6546K [0x00000006c1200000, 0x00000006c6580000, 0x000000076b100000)
  object space 85504K, 7% used [0x00000006c1200000,0x00000006c1864b70,0x00000006c6580000)
 Metaspace       used 30822K, capacity 31214K, committed 31616K, reserved 1077248K
  class space    used 3817K, capacity 3888K, committed 3968K, reserved 1048576K
}

Deoptimization events (10 events):
Event: 3.197 Thread 0x00000000025c5800 Uncommon trap: reason=class_check action=maybe_recompile pc=0x0000000002a85600 method=java.util.concurrent.ConcurrentHashMap.putVal(Ljava/lang/Object;Ljava/lang/Object;Z)Ljava/lang/Object; @ 192
Event: 3.566 Thread 0x00000000025c5800 Uncommon trap: reason=unreached action=reinterpret pc=0x0000000002f8086c method=org.springframework.asm.MethodVisitor.visitMethodInsn(ILjava/lang/String;Ljava/lang/String;Ljava/lang/String;Z)V @ 50
Event: 3.928 Thread 0x00000000025c5800 Uncommon trap: reason=class_check action=maybe_recompile pc=0x0000000002a85600 method=java.util.concurrent.ConcurrentHashMap.putVal(Ljava/lang/Object;Ljava/lang/Object;Z)Ljava/lang/Object; @ 192
Event: 4.032 Thread 0x00000000025c5800 Uncommon trap: reason=unloaded action=reinterpret pc=0x0000000003122760 method=java.lang.Class.createAnnotationData(I)Ljava/lang/Class$AnnotationData; @ 98
Event: 4.040 Thread 0x00000000025c5800 Uncommon trap: reason=unreached action=reinterpret pc=0x0000000002cab09c method=java.lang.reflect.Method.equals(Ljava/lang/Object;)Z @ 1
Event: 4.130 Thread 0x00000000025c5800 Uncommon trap: reason=unreached action=reinterpret pc=0x0000000003147124 method=java.lang.StringBuffer.toString()Ljava/lang/String; @ 4
Event: 4.185 Thread 0x00000000025c5800 Uncommon trap: reason=class_check action=maybe_recompile pc=0x0000000002a85600 method=java.util.concurrent.ConcurrentHashMap.putVal(Ljava/lang/Object;Ljava/lang/Object;Z)Ljava/lang/Object; @ 192
Event: 4.185 Thread 0x00000000025c5800 Uncommon trap: reason=class_check action=maybe_recompile pc=0x0000000002a85600 method=java.util.concurrent.ConcurrentHashMap.putVal(Ljava/lang/Object;Ljava/lang/Object;Z)Ljava/lang/Object; @ 192
Event: 4.651 Thread 0x00000000025c5800 Uncommon trap: reason=class_check action=maybe_recompile pc=0x0000000002fd4018 method=java.util.AbstractList$Itr.hasNext()Z @ 8
Event: 4.651 Thread 0x00000000025c5800 Uncommon trap: reason=class_check action=maybe_recompile pc=0x00000000031b6094 method=java.util.AbstractList$Itr.next()Ljava/lang/Object; @ 14

Internal exceptions (10 events):
Event: 5.644 Thread 0x00000000025c5800 Exception <a 'java/security/PrivilegedActionException'> (0x000000076bf7ad90) thrown at [C:\workspace\8-2-build-windows-amd64-cygwin\jdk8u31\2394\hotspot\src\share\vm\prims\jvm.cpp, line 1312]
Event: 5.644 Thread 0x00000000025c5800 Exception <a 'java/security/PrivilegedActionException'> (0x000000076bf820f8) thrown at [C:\workspace\8-2-build-windows-amd64-cygwin\jdk8u31\2394\hotspot\src\share\vm\prims\jvm.cpp, line 1312]
Event: 5.644 Thread 0x00000000025c5800 Exception <a 'java/security/PrivilegedActionException'> (0x000000076bf830b0) thrown at [C:\workspace\8-2-build-windows-amd64-cygwin\jdk8u31\2394\hotspot\src\share\vm\prims\jvm.cpp, line 1312]
Event: 5.644 Thread 0x00000000025c5800 Exception <a 'java/security/PrivilegedActionException'> (0x000000076bf8a418) thrown at [C:\workspace\8-2-build-windows-amd64-cygwin\jdk8u31\2394\hotspot\src\share\vm\prims\jvm.cpp, line 1312]
Event: 5.644 Thread 0x00000000025c5800 Exception <a 'java/lang/ClassNotFoundException': net/sf/ehcache/CacheManagerBeanInfo> (0x000000076bf8aaf0) thrown at [C:\workspace\8-2-build-windows-amd64-cygwin\jdk8u31\2394\hotspot\src\share\vm\classfile\systemDictionary.cpp, line 202]
Event: 5.644 Thread 0x00000000025c5800 Exception <a 'java/security/PrivilegedActionException'> (0x000000076bf8bd98) thrown at [C:\workspace\8-2-build-windows-amd64-cygwin\jdk8u31\2394\hotspot\src\share\vm\prims\jvm.cpp, line 1312]
Event: 5.644 Thread 0x00000000025c5800 Exception <a 'java/security/PrivilegedActionException'> (0x000000076bf93380) thrown at [C:\workspace\8-2-build-windows-amd64-cygwin\jdk8u31\2394\hotspot\src\share\vm\prims\jvm.cpp, line 1312]
Event: 5.644 Thread 0x00000000025c5800 Exception <a 'java/security/PrivilegedActionException'> (0x000000076bf94360) thrown at [C:\workspace\8-2-build-windows-amd64-cygwin\jdk8u31\2394\hotspot\src\share\vm\prims\jvm.cpp, line 1312]
Event: 5.644 Thread 0x00000000025c5800 Exception <a 'java/security/PrivilegedActionException'> (0x000000076bf9b970) thrown at [C:\workspace\8-2-build-windows-amd64-cygwin\jdk8u31\2394\hotspot\src\share\vm\prims\jvm.cpp, line 1312]
Event: 5.644 Thread 0x00000000025c5800 Exception <a 'java/lang/ClassNotFoundException': net/sf/ehcache/CacheManagerCustomizer> (0x000000076bf9c050) thrown at [C:\workspace\8-2-build-windows-amd64-cygwin\jdk8u31\2394\hotspot\src\share\vm\classfile\systemDictionary.cpp, line 202]

Events (10 events):
Event: 5.644 loading class net/sf/ehcache/CacheManagerBeanInfo
Event: 5.644 loading class net/sf/ehcache/CacheManagerBeanInfo done
Event: 5.644 loading class net/sf/ehcache/CacheManagerBeanInfo
Event: 5.644 loading class net/sf/ehcache/CacheManagerBeanInfo done
Event: 5.644 loading class net/sf/ehcache/CacheManagerCustomizer
Event: 5.644 loading class net/sf/ehcache/CacheManagerCustomizer done
Event: 5.644 loading class net/sf/ehcache/CacheManagerCustomizer
Event: 5.644 loading class net/sf/ehcache/CacheManagerCustomizer done
Event: 5.644 loading class net/sf/ehcache/CacheManagerCustomizer
Event: 5.644 loading class net/sf/ehcache/CacheManagerCustomizer done


Dynamic libraries:
0x00007ff6abb30000 - 0x00007ff6abb64000 	C:\Program Files\Java\jdk1.8.0_31\bin\java.exe
0x00007ff99cf90000 - 0x00007ff99d151000 	C:\WINDOWS\SYSTEM32\ntdll.dll
0x00007ff99c920000 - 0x00007ff99c9cd000 	C:\WINDOWS\system32\KERNEL32.DLL
0x00007ff999f70000 - 0x00007ff99a158000 	C:\WINDOWS\system32\KERNELBASE.dll
0x00007ff99ca70000 - 0x00007ff99cb17000 	C:\WINDOWS\system32\ADVAPI32.dll
0x00007ff99aa50000 - 0x00007ff99aaed000 	C:\WINDOWS\system32\msvcrt.dll
0x00007ff99c7b0000 - 0x00007ff99c80b000 	C:\WINDOWS\system32\sechost.dll
0x00007ff99a930000 - 0x00007ff99aa4d000 	C:\WINDOWS\system32\RPCRT4.dll
0x00007ff99ada0000 - 0x00007ff99aef6000 	C:\WINDOWS\system32\USER32.dll
0x00007ff99ab10000 - 0x00007ff99ac97000 	C:\WINDOWS\system32\GDI32.dll
0x00007ff984db0000 - 0x00007ff985024000 	C:\WINDOWS\WinSxS\amd64_microsoft.windows.common-controls_6595b64144ccf1df_6.0.10586.839_none_a2ddba30a539a2ae\COMCTL32.dll
0x00007ff99a6b0000 - 0x00007ff99a92e000 	C:\WINDOWS\system32\combase.dll
0x00007ff99a160000 - 0x00007ff99a1ca000 	C:\WINDOWS\system32\bcryptPrimitives.dll
0x00007ff99cb20000 - 0x00007ff99cb5b000 	C:\WINDOWS\system32\IMM32.DLL
0x00000000591d0000 - 0x00000000592a2000 	C:\Program Files\Java\jdk1.8.0_31\jre\bin\msvcr100.dll
0x0000000059650000 - 0x0000000059eaa000 	C:\Program Files\Java\jdk1.8.0_31\jre\bin\server\jvm.dll
0x00007ff999510000 - 0x00007ff999533000 	C:\WINDOWS\system32\WINMM.dll
0x00007ff9993b0000 - 0x00007ff9993dc000 	C:\WINDOWS\system32\WINMMBASE.dll
0x00007ff999770000 - 0x00007ff9997b3000 	C:\WINDOWS\system32\cfgmgr32.dll
0x00007ff98f3d0000 - 0x00007ff98f3d9000 	C:\WINDOWS\SYSTEM32\WSOCK32.dll
0x00007ff99ad80000 - 0x00007ff99ad88000 	C:\WINDOWS\system32\PSAPI.DLL
0x00007ff99ad10000 - 0x00007ff99ad7b000 	C:\WINDOWS\system32\WS2_32.dll
0x0000000059640000 - 0x000000005964f000 	C:\Program Files\Java\jdk1.8.0_31\jre\bin\verify.dll
0x0000000059610000 - 0x0000000059638000 	C:\Program Files\Java\jdk1.8.0_31\jre\bin\java.dll
0x00000000595f0000 - 0x0000000059606000 	C:\Program Files\Java\jdk1.8.0_31\jre\bin\zip.dll
0x00007ff99b010000 - 0x00007ff99c56c000 	C:\WINDOWS\system32\SHELL32.dll
0x00007ff999870000 - 0x00007ff999eb5000 	C:\WINDOWS\system32\windows.storage.dll
0x00007ff99afb0000 - 0x00007ff99b002000 	C:\WINDOWS\system32\shlwapi.dll
0x00007ff9993e0000 - 0x00007ff9993ef000 	C:\WINDOWS\system32\kernel.appcore.dll
0x00007ff9993f0000 - 0x00007ff9994a5000 	C:\WINDOWS\system32\shcore.dll
0x00007ff999540000 - 0x00007ff99958b000 	C:\WINDOWS\system32\powrprof.dll
0x00007ff999380000 - 0x00007ff999394000 	C:\WINDOWS\system32\profapi.dll
0x00007ff993e90000 - 0x00007ff993ea0000 	C:\Program Files (x86)\JetBrains\IntelliJ IDEA 2016.3.4\bin\breakgen64.dll
0x00000000593e0000 - 0x00000000593fa000 	C:\Program Files\Java\jdk1.8.0_31\jre\bin\net.dll
0x00007ff998c20000 - 0x00007ff998c7c000 	C:\WINDOWS\system32\mswsock.dll
0x00000000593b0000 - 0x00000000593bd000 	C:\Program Files\Java\jdk1.8.0_31\jre\bin\management.dll
0x00007ff997290000 - 0x00007ff9972a8000 	C:\WINDOWS\system32\NLAapi.dll
0x00007ff98d2a0000 - 0x00007ff98d2b6000 	C:\WINDOWS\system32\napinsp.dll
0x00007ff98d220000 - 0x00007ff98d23a000 	C:\WINDOWS\system32\pnrpnsp.dll
0x00007ff997e30000 - 0x00007ff997eda000 	C:\WINDOWS\SYSTEM32\DNSAPI.dll
0x00007ff99c570000 - 0x00007ff99c578000 	C:\WINDOWS\system32\NSI.dll
0x00007ff98d1b0000 - 0x00007ff98d1bd000 	C:\WINDOWS\System32\winrnr.dll
0x000000005ae90000 - 0x000000005aeb6000 	C:\Program Files\Bonjour\mdnsNSP.dll
0x00007ff994390000 - 0x00007ff9943c8000 	C:\WINDOWS\SYSTEM32\Iphlpapi.DLL
0x00007ff9900f0000 - 0x00007ff9900fa000 	C:\Windows\System32\rasadhlp.dll
0x00007ff993c10000 - 0x00007ff993c77000 	C:\WINDOWS\System32\fwpuclnt.dll
0x00007ff9992b0000 - 0x00007ff9992d9000 	C:\WINDOWS\SYSTEM32\bcrypt.dll
0x00000000593c0000 - 0x00000000593d1000 	C:\Program Files\Java\jdk1.8.0_31\jre\bin\nio.dll
0x00007ff998cd0000 - 0x00007ff998ce7000 	C:\WINDOWS\SYSTEM32\CRYPTSP.dll
0x00007ff998960000 - 0x00007ff998994000 	C:\WINDOWS\system32\rsaenh.dll
0x00007ff998ab0000 - 0x00007ff998acf000 	C:\WINDOWS\SYSTEM32\USERENV.dll
0x00007ff998df0000 - 0x00007ff998dfb000 	C:\WINDOWS\SYSTEM32\CRYPTBASE.dll
0x00007ff994370000 - 0x00007ff994386000 	C:\WINDOWS\SYSTEM32\dhcpcsvc6.DLL
0x00007ff994350000 - 0x00007ff99436a000 	C:\WINDOWS\SYSTEM32\dhcpcsvc.DLL
0x00007ff9749b0000 - 0x00007ff974b3c000 	C:\WINDOWS\SYSTEM32\dbghelp.dll

VM Arguments:
jvm_args: -Dspring.output.ansi.enabled=always -Didea.launcher.port=7532 -Didea.launcher.bin.path=C:\Program Files (x86)\JetBrains\IntelliJ IDEA 2016.3.4\bin -Dfile.encoding=UTF-8 
java_command: com.intellij.rt.execution.application.AppMain com.iosre.pphb.PphbApplication
java_class_path (initial): C:\Program Files\Java\jdk1.8.0_31\jre\lib\charsets.jar;C:\Program Files\Java\jdk1.8.0_31\jre\lib\deploy.jar;C:\Program Files\Java\jdk1.8.0_31\jre\lib\ext\access-bridge-64.jar;C:\Program Files\Java\jdk1.8.0_31\jre\lib\ext\cldrdata.jar;C:\Program Files\Java\jdk1.8.0_31\jre\lib\ext\dnsns.jar;C:\Program Files\Java\jdk1.8.0_31\jre\lib\ext\jaccess.jar;C:\Program Files\Java\jdk1.8.0_31\jre\lib\ext\jfxrt.jar;C:\Program Files\Java\jdk1.8.0_31\jre\lib\ext\localedata.jar;C:\Program Files\Java\jdk1.8.0_31\jre\lib\ext\nashorn.jar;C:\Program Files\Java\jdk1.8.0_31\jre\lib\ext\sunec.jar;C:\Program Files\Java\jdk1.8.0_31\jre\lib\ext\sunjce_provider.jar;C:\Program Files\Java\jdk1.8.0_31\jre\lib\ext\sunmscapi.jar;C:\Program Files\Java\jdk1.8.0_31\jre\lib\ext\sunpkcs11.jar;C:\Program Files\Java\jdk1.8.0_31\jre\lib\ext\zipfs.jar;C:\Program Files\Java\jdk1.8.0_31\jre\lib\javaws.jar;C:\Program Files\Java\jdk1.8.0_31\jre\lib\jce.jar;C:\Program Files\Java\jdk1.8.0_31\jre\lib\jfr.jar;C:\Program Files\Java\jdk1.8.0_31\jre\lib\jfxswt.jar;C:\Program Files\Java\jdk1.8.0_31\jre\lib\jsse.jar;C:\Program Files\Java\jdk1.8.0_31\jre\lib\management-agent.jar;C:\Program Files\Java\jdk1.8.0_31\jre\lib\plugin.jar;C:\Program Files\Java\jdk1.8.0_31\jre\lib\resources.jar;C:\Program Files\Java\jdk1.8.0_31\jre\lib\rt.jar;C:\IDE\pphb\target\classes;C:\Users\Administrator\.m2\repository\org\springframework\boot\spring-boot-starter-web\1.5.9.RELEASE\spring-boot-starter-web-1.5.9.RELEASE.jar;C:\Users\Administrator\.m2\repository\org\springframework\boot\spring-boot-starter\1.5.9.RELEASE\spring-boot-starter-1.5.9.RELEASE.jar;C:\Users\Administrator\.m2\repository\org\springframework\boot\spring-boot\1.5.9.RELEASE\spring-boot-1.5.9.RELEASE.jar;C:\Users\Administrator\.m2\repository\org\springframework\boot\spring-boot-autoconfigure\1.5.9.RELEASE\spring-boot-autoconfigure-1.5.9.RELEASE.jar;C:\Users\Administrator\.m2\repository\org\springframework\boot\spring-boot-starter-tomcat\1.5.9.RELEA
Launcher Type: SUN_STANDARD

Environment Variables:
JAVA_HOME=C:\Program Files\Java\jdk1.8.0_31
CLASSPATH=;C:\Program Files\Java\jdk1.8.0_31\lib;
PATH=C:\ProgramData\Oracle\Java\javapath;C:\WINDOWS\system32;C:\WINDOWS;C:\WINDOWS\System32\Wbem;C:\WINDOWS\System32\WindowsPowerShell\v1.0\;C:\Program Files (x86)\Microsoft SQL Server\100\Tools\Binn\;C:\Program Files\Microsoft SQL Server\100\Tools\Binn\;C:\Program Files\Microsoft SQL Server\100\DTS\Binn\;C:\Program Files\Java\jdk1.8.0_31\bin;C:\apache-tomcat-6.0.44\bin;C:\apache-tomcat-6.0.44\lib;C:\Program Files (x86)\Microsoft SQL Server\100\Tools\Binn\VSShell\Common7\IDE\;C:\Program Files (x86)\Microsoft SQL Server\100\DTS\Binn\;C:\Program Files (x86)\Microsoft Visual Studio 9.0\Common7\IDE\PrivateAssemblies\;C:\Program Files\Microsoft\Web Platform Installer\;C:\Program Files (x86)\Microsoft ASP.NET\ASP.NET Web Pages\v1.0\;C:\Program Files (x86)\Windows Kits\8.0\Windows Performance Toolkit\;C:\Program Files\Microsoft SQL Server\110\Tools\Binn\;C:\Program Files (x86)\ATI Technologies\ATI.ACE\Core-Static;D:\apache-cxf-3.1.7\bin;C:\Program Files\TortoiseSVN\bin;C:\Program Files\IDM Computer Solutions\UltraCompare;C:\Program Files\Git\cmd;C:\Users\Administrator\AppData\Local\Programs\Python\Python36-32\Scripts\;C:\Users\Administrator\AppData\Local\Programs\Python\Python36-32\;C:\Users\Administrator\AppData\Local\Programs\Fiddler
USERNAME=liriming
OS=Windows_NT
PROCESSOR_IDENTIFIER=Intel64 Family 6 Model 60 Stepping 3, GenuineIntel



---------------  S Y S T E M  ---------------

OS: Windows 8.1 , 64 bit Build 9600 

CPU:total 4 (4 cores per cpu, 1 threads per core) family 6 model 60 stepping 3, cmov, cx8, fxsr, mmx, sse, sse2, sse3, ssse3, sse4.1, sse4.2, popcnt, avx, avx2, aes, clmul, erms, lzcnt, tsc, tscinvbit, bmi1, bmi2

Memory: 4k page, physical 16699552k(7407184k free), swap 16699552k(5188k free)

vm_info: Java HotSpot(TM) 64-Bit Server VM (25.31-b07) for windows-amd64 JRE (1.8.0_31-b13), built on Dec 17 2014 21:00:28 by "java_re" with MS VC++ 10.0 (VS2010)

time: Wed Feb 28 10:16:45 2018
elapsed time: 5 seconds (0d 0h 0m 5s)

